775  [main] INFO  org.eclipse.jetty.util.log - Logging initialized @1259ms
1196 [main] INFO  org.eclipse.jetty.server.Server - jetty-9.3.z-SNAPSHOT
1327 [main] INFO  o.e.j.server.handler.ContextHandler - Started o.e.j.s.h.ContextHandler@4f063c0a{/res,null,AVAILABLE}
1694 [main] INFO  o.e.j.w.StandardDescriptorProcessor - NO JSP Support for /, did not find org.eclipse.jetty.jsp.JettyJspServlet
1856 [main] INFO  / - Initializing Spring root WebApplicationContext
1859 [main] INFO  o.s.web.context.ContextLoader - Root WebApplicationContext: initialization started
2095 [main] INFO  o.s.w.c.s.XmlWebApplicationContext - Refreshing Root WebApplicationContext: startup date [Sat Jul 02 22:20:03 CST 2016]; root of context hierarchy
2179 [main] INFO  o.s.b.f.xml.XmlBeanDefinitionReader - Loading XML bean definitions from class path resource [ctx.xml]
2367 [main] INFO  o.s.b.f.xml.XmlBeanDefinitionReader - Loading XML bean definitions from class path resource [props/property_config.xml]
2498 [main] INFO  o.s.b.f.xml.XmlBeanDefinitionReader - Loading XML bean definitions from class path resource [payment_ctx.xml]
2726 [main] INFO  o.s.b.f.c.PropertyPlaceholderConfigurer - Loading properties file from class path resource [props/database.properties]
2727 [main] INFO  o.s.b.f.c.PropertyPlaceholderConfigurer - Loading properties file from class path resource [props/server_params.properties]
3632 [main] INFO   - [2016-07-02 22:20:04 0988|GroovyRuntime] Parse groovy class db/MediaResource.groovy successfully
3639 [main] INFO   - [2016-07-02 22:20:04 0995|GroovyRuntime] Parse groovy class db/Account.groovy successfully
3644 [main] INFO   - [2016-07-02 22:20:05 0000|GroovyRuntime] Load groovy class db/MediaResource.groovy from cache
3696 [main] INFO   - [2016-07-02 22:20:05 0052|GroovyRuntime] Parse groovy class db/UserDatabase.groovy successfully
3714 [main] INFO   - [2016-07-02 22:20:05 0070|GroovyRuntime] Parse groovy class db/UserCollection.groovy successfully
3720 [main] INFO   - [2016-07-02 22:20:05 0076|GroovyRuntime] Parse groovy class db/NewUserData.groovy successfully
3757 [main] INFO   - [2016-07-02 22:20:05 0113|GroovyRuntime] Load groovy class db/UserCollection.groovy from cache to avoid loop parse
3760 [main] INFO   - [2016-07-02 22:20:05 0116|GroovyRuntime] Load groovy class db/Account.groovy from cache
3761 [main] INFO   - [2016-07-02 22:20:05 0117|GroovyRuntime] Load groovy class db/MediaResource.groovy from cache to avoid loop parse
3783 [main] INFO   - [2016-07-02 22:20:05 0139|GroovyRuntime] Parse groovy class db/UserData.groovy successfully
3825 [main] INFO   - [2016-07-02 22:20:05 0181|GroovyRuntime] Load groovy class db/UserCollection.groovy from cache to avoid loop parse
3935 [main] INFO   - [2016-07-02 22:20:05 0291|GroovyRuntime] Parse groovy class db/services/UserService.groovy successfully
3956 [main] INFO   - [2016-07-02 22:20:05 0312|GroovyRuntime] Load groovy class db/UserCollection.groovy from cache
3959 [main] INFO   - [2016-07-02 22:20:05 0315|GroovyRuntime] Load groovy class db/UserData.groovy from cache
3959 [main] INFO   - [2016-07-02 22:20:05 0315|GroovyRuntime] Load groovy class db/UserDatabase.groovy from cache
4012 [main] INFO   - [2016-07-02 22:20:05 0368|GroovyRuntime] Load groovy class db/UserDatabase.groovy from cache to avoid loop parse
4023 [main] INFO   - [2016-07-02 22:20:05 0378|GroovyRuntime] Parse groovy class db/UserStatusCollection.groovy successfully
4117 [main] INFO   - [2016-07-02 22:20:05 0473|GroovyRuntime] Parse groovy class intercepters/CommonIntercepter.groovy successfully
4339 [main] INFO   - [2016-07-02 22:20:05 0695|GroovyRuntime] Load groovy class db/Account.groovy from cache to avoid loop parse
4346 [main] INFO   - [2016-07-02 22:20:05 0702|GroovyRuntime] Load groovy class db/UserData.groovy from cache to avoid loop parse
4378 [main] INFO   - [2016-07-02 22:20:05 0734|GroovyRuntime] Load groovy class db/MediaResource.groovy from cache to avoid loop parse
4381 [main] INFO   - [2016-07-02 22:20:05 0736|GroovyRuntime] Load groovy class db/UserCollection.groovy from cache to avoid loop parse
4392 [main] INFO   - [2016-07-02 22:20:05 0748|GroovyRuntime] Load groovy class db/services/UserService.groovy from cache
4425 [main] INFO   - [2016-07-02 22:20:05 0781|GroovyRuntime] Load groovy class db/UserStatusCollection.groovy from cache
4575 [main] INFO   - [2016-07-02 22:20:05 0931|GroovyRuntime] Parse groovy class rest/AdminController.groovy successfully
4648 [Thread-10] INFO   - [2016-07-02 22:20:06 0004|GroovyServletManager] 
---------------------------------------
Mapped gc#GET: rest/AdminController.groovy#gc
Mapped reload#GET: rest/AdminController.groovy#getMemoryInfo
Mapped info/{hello}#GET: rest/AdminController.groovy#getMemoryInfo
---------------------------------------
4648 [Thread-10] INFO   - [2016-07-02 22:20:06 0004|MongoClientHelper] Connecting hosts mongodb://localhost:7900 from old hosts mongodb://localhost:7900
4940 [Thread-10] INFO  org.mongodb.driver.cluster - Cluster created with settings {hosts=[localhost:7900], mode=SINGLE, requiredClusterType=UNKNOWN, serverSelectionTimeout='30000 ms', maxWaitQueueSize=500}
5171 [main] INFO   - [2016-07-02 22:20:06 0527|GroovyRuntime] Reload groovy scripts, current version is 1
5173 [cluster-ClusterId{value='5777cd96ec1bc6233aeb531a', description='null'}-localhost:7900] INFO  org.mongodb.driver.cluster - Exception in monitor thread while connecting to server localhost:7900
com.mongodb.MongoSocketOpenException: Exception opening socket
	at com.mongodb.connection.SocketStream.open(SocketStream.java:63) ~[mongodbconnector.jar:na]
	at com.mongodb.connection.InternalStreamConnection.open(InternalStreamConnection.java:114) ~[mongodbconnector.jar:na]
	at com.mongodb.connection.DefaultServerMonitor$ServerMonitorRunnable.run(DefaultServerMonitor.java:128) ~[mongodbconnector.jar:na]
	at java.lang.Thread.run(Thread.java:745) [na:1.8.0_74]
Caused by: java.net.ConnectException: Connection refused
	at java.net.PlainSocketImpl.socketConnect(Native Method) ~[na:1.8.0_74]
	at java.net.AbstractPlainSocketImpl.doConnect(AbstractPlainSocketImpl.java:350) ~[na:1.8.0_74]
	at java.net.AbstractPlainSocketImpl.connectToAddress(AbstractPlainSocketImpl.java:206) ~[na:1.8.0_74]
	at java.net.AbstractPlainSocketImpl.connect(AbstractPlainSocketImpl.java:188) ~[na:1.8.0_74]
	at java.net.SocksSocketImpl.connect(SocksSocketImpl.java:392) ~[na:1.8.0_74]
	at java.net.Socket.connect(Socket.java:589) ~[na:1.8.0_74]
	at com.mongodb.connection.SocketStreamHelper.initialize(SocketStreamHelper.java:50) ~[mongodbconnector.jar:na]
	at com.mongodb.connection.SocketStream.open(SocketStream.java:58) ~[mongodbconnector.jar:na]
	... 3 common frames omitted
5197 [main] INFO  o.s.web.context.ContextLoader - Root WebApplicationContext: initialization completed in 3337 ms
5269 [main] INFO  o.e.j.server.handler.ContextHandler - Started o.e.j.w.WebAppContext@1e6d1014{/,file:///Users/aplombchen/Dev/github/scriptcore/Samples/MongoDBConnectorSample/war/,AVAILABLE}{./war}
5332 [main] INFO  o.e.jetty.server.AbstractConnector - Started ServerConnector@41294f8{HTTP/1.1,[http/1.1]}{0.0.0.0:6061}
5333 [main] INFO  org.eclipse.jetty.server.Server - Started @5824ms
5334 [main] INFO   - [2016-07-02 22:20:06 0690|ServerStart] handler--org.eclipse.jetty.server.handler.ContextHandlerCollection@225129c[o.e.j.s.h.ContextHandler@4f063c0a{/res,null,AVAILABLE}, o.e.j.w.WebAppContext@1e6d1014{/,file:///Users/aplombchen/Dev/github/scriptcore/Samples/MongoDBConnectorSample/war/,AVAILABLE}{./war}]
5335 [main] INFO   - [2016-07-02 22:20:06 0691|ServerStart] connector--[ServerConnector@41294f8{HTTP/1.1,[http/1.1]}{0.0.0.0:6061}]
5335 [main] INFO   - [2016-07-02 22:20:06 0691|ServerStart] threadPool--qtp1776957250{STARTED,8<=8<=1024,i=6,q=0}, minithread-number:8
5337 [main] INFO   - [2016-07-02 22:20:06 0693|ServerStart] Server started , current Time: Sat Jul 02 22:20:06 CST 2016
10445 [Thread-0] INFO  o.e.jetty.server.AbstractConnector - Stopped ServerConnector@41294f8{HTTP/1.1,[http/1.1]}{0.0.0.0:6061}
10448 [Thread-0] INFO  / - Closing Spring root WebApplicationContext
10448 [Thread-0] INFO  o.s.w.c.s.XmlWebApplicationContext - Closing Root WebApplicationContext: startup date [Sat Jul 02 22:20:03 CST 2016]; root of context hierarchy
10454 [Thread-0] INFO  o.e.j.server.handler.ContextHandler - Stopped o.e.j.w.WebAppContext@1e6d1014{/,null,UNAVAILABLE}{./war}
10454 [Thread-0] INFO  o.e.j.server.handler.ContextHandler - Stopped o.e.j.s.h.ContextHandler@4f063c0a{/res,null,UNAVAILABLE}
610  [main] INFO  org.eclipse.jetty.util.log - Logging initialized @1210ms
1198 [main] INFO  org.eclipse.jetty.server.Server - jetty-9.3.z-SNAPSHOT
1299 [main] INFO  o.e.j.server.handler.ContextHandler - Started o.e.j.s.h.ContextHandler@4f063c0a{/res,null,AVAILABLE}
1655 [main] INFO  o.e.j.w.StandardDescriptorProcessor - NO JSP Support for /, did not find org.eclipse.jetty.jsp.JettyJspServlet
1854 [main] INFO  / - Initializing Spring root WebApplicationContext
1854 [main] INFO  o.s.web.context.ContextLoader - Root WebApplicationContext: initialization started
2087 [main] INFO  o.s.w.c.s.XmlWebApplicationContext - Refreshing Root WebApplicationContext: startup date [Sat Jul 02 22:24:08 CST 2016]; root of context hierarchy
2136 [main] INFO  o.s.b.f.xml.XmlBeanDefinitionReader - Loading XML bean definitions from class path resource [ctx.xml]
2328 [main] INFO  o.s.b.f.xml.XmlBeanDefinitionReader - Loading XML bean definitions from class path resource [props/property_config.xml]
2479 [main] INFO  o.s.b.f.xml.XmlBeanDefinitionReader - Loading XML bean definitions from class path resource [payment_ctx.xml]
3054 [main] INFO  o.s.b.f.c.PropertyPlaceholderConfigurer - Loading properties file from class path resource [props/server_params.properties]
4051 [main] INFO   - [2016-07-02 22:24:10 0416|GroovyRuntime] Parse groovy class db/MediaResource.groovy successfully
4060 [main] INFO   - [2016-07-02 22:24:10 0425|GroovyRuntime] Parse groovy class db/Account.groovy successfully
4064 [main] INFO   - [2016-07-02 22:24:10 0429|GroovyRuntime] Load groovy class db/MediaResource.groovy from cache
4293 [main] INFO   - [2016-07-02 22:24:10 0658|GroovyRuntime] Parse groovy class db/UserDatabase.groovy successfully
4373 [main] INFO   - [2016-07-02 22:24:10 0738|GroovyRuntime] Parse groovy class db/UserCollection.groovy successfully
4390 [main] INFO   - [2016-07-02 22:24:10 0751|GroovyRuntime] Parse groovy class db/NewUserData.groovy successfully
4504 [main] INFO   - [2016-07-02 22:24:10 0869|GroovyRuntime] Load groovy class db/UserCollection.groovy from cache to avoid loop parse
4506 [main] INFO   - [2016-07-02 22:24:10 0871|GroovyRuntime] Load groovy class db/Account.groovy from cache
4507 [main] INFO   - [2016-07-02 22:24:10 0872|GroovyRuntime] Load groovy class db/MediaResource.groovy from cache to avoid loop parse
4525 [main] INFO   - [2016-07-02 22:24:10 0890|GroovyRuntime] Parse groovy class db/UserData.groovy successfully
4537 [main] INFO   - [2016-07-02 22:24:10 0901|GroovyRuntime] Load groovy class db/UserCollection.groovy from cache to avoid loop parse
4673 [main] INFO   - [2016-07-02 22:24:11 0038|GroovyRuntime] Parse groovy class db/services/UserService.groovy successfully
4675 [main] INFO   - [2016-07-02 22:24:11 0040|GroovyRuntime] Load groovy class db/UserCollection.groovy from cache
4678 [main] INFO   - [2016-07-02 22:24:11 0043|GroovyRuntime] Load groovy class db/UserData.groovy from cache
4679 [main] INFO   - [2016-07-02 22:24:11 0044|GroovyRuntime] Load groovy class db/UserDatabase.groovy from cache
4692 [main] INFO   - [2016-07-02 22:24:11 0057|GroovyRuntime] Load groovy class db/UserDatabase.groovy from cache to avoid loop parse
4715 [main] INFO   - [2016-07-02 22:24:11 0080|GroovyRuntime] Parse groovy class db/UserStatusCollection.groovy successfully
4821 [main] INFO   - [2016-07-02 22:24:11 0186|GroovyRuntime] Parse groovy class intercepters/CommonIntercepter.groovy successfully
5010 [main] INFO   - [2016-07-02 22:24:11 0375|GroovyRuntime] Load groovy class db/Account.groovy from cache to avoid loop parse
5017 [main] INFO   - [2016-07-02 22:24:11 0382|GroovyRuntime] Load groovy class db/UserData.groovy from cache to avoid loop parse
5154 [main] INFO   - [2016-07-02 22:24:11 0519|GroovyRuntime] Load groovy class db/MediaResource.groovy from cache to avoid loop parse
5161 [main] INFO   - [2016-07-02 22:24:11 0526|GroovyRuntime] Load groovy class db/UserCollection.groovy from cache to avoid loop parse
5187 [main] INFO   - [2016-07-02 22:24:11 0552|GroovyRuntime] Load groovy class db/services/UserService.groovy from cache
5200 [main] INFO   - [2016-07-02 22:24:11 0565|GroovyRuntime] Load groovy class db/UserStatusCollection.groovy from cache
5363 [main] INFO   - [2016-07-02 22:24:11 0728|GroovyRuntime] Parse groovy class rest/AdminController.groovy successfully
5577 [Thread-10] INFO   - [2016-07-02 22:24:11 0941|GroovyServletManager] 
---------------------------------------
Mapped gc#GET: rest/AdminController.groovy#gc
Mapped info/{hello}#GET: rest/AdminController.groovy#getMemoryInfo
Mapped reload#GET: rest/AdminController.groovy#getMemoryInfo
---------------------------------------
5577 [Thread-10] INFO   - [2016-07-02 22:24:11 0942|MongoClientHelper] Connecting hosts mongodb://localhost:8900,localhost:8901,localhost:8902 from old hosts mongodb://localhost:8900,localhost:8901,localhost:8902
5715 [Thread-10] INFO  org.mongodb.driver.cluster - Cluster created with settings {hosts=[localhost:8900, localhost:8901, localhost:8902], mode=MULTIPLE, requiredClusterType=UNKNOWN, serverSelectionTimeout='30000 ms', maxWaitQueueSize=500}
5717 [Thread-10] INFO  org.mongodb.driver.cluster - Adding discovered server localhost:8900 to client view of cluster
5941 [Thread-10] INFO  org.mongodb.driver.cluster - Adding discovered server localhost:8901 to client view of cluster
5944 [Thread-10] INFO  org.mongodb.driver.cluster - Adding discovered server localhost:8902 to client view of cluster
6080 [cluster-ClusterId{value='5777ce8cec1bc623415a2bd4', description='null'}-localhost:8901] INFO  org.mongodb.driver.connection - Opened connection [connectionId{localValue:2, serverValue:1562}] to localhost:8901
6084 [cluster-ClusterId{value='5777ce8cec1bc623415a2bd4', description='null'}-localhost:8902] INFO  org.mongodb.driver.connection - Opened connection [connectionId{localValue:3, serverValue:1556}] to localhost:8902
6085 [cluster-ClusterId{value='5777ce8cec1bc623415a2bd4', description='null'}-localhost:8901] INFO  org.mongodb.driver.cluster - Monitor thread successfully connected to server with description ServerDescription{address=localhost:8901, type=REPLICA_SET_SECONDARY, state=CONNECTED, ok=true, version=ServerVersion{versionList=[3, 0, 0]}, minWireVersion=0, maxWireVersion=3, maxDocumentSize=16777216, roundTripTimeNanos=3317971, setName='myDevReplSet', canonicalAddress=localhost:8901, hosts=[localhost:8901, localhost:8900], passives=[], arbiters=[localhost:8902], primary='localhost:8900', tagSet=TagSet{[]}, electionId=null, setVersion=1}
6087 [cluster-ClusterId{value='5777ce8cec1bc623415a2bd4', description='null'}-localhost:8901] INFO  org.mongodb.driver.cluster - Discovered cluster type of REPLICA_SET
6088 [cluster-ClusterId{value='5777ce8cec1bc623415a2bd4', description='null'}-localhost:8902] INFO  org.mongodb.driver.cluster - Monitor thread successfully connected to server with description ServerDescription{address=localhost:8902, type=REPLICA_SET_ARBITER, state=CONNECTED, ok=true, version=ServerVersion{versionList=[3, 0, 0]}, minWireVersion=0, maxWireVersion=3, maxDocumentSize=16777216, roundTripTimeNanos=4007759, setName='myDevReplSet', canonicalAddress=localhost:8902, hosts=[localhost:8901, localhost:8900], passives=[], arbiters=[localhost:8902], primary='localhost:8900', tagSet=TagSet{[]}, electionId=null, setVersion=1}
6095 [cluster-ClusterId{value='5777ce8cec1bc623415a2bd4', description='null'}-localhost:8900] INFO  org.mongodb.driver.connection - Opened connection [connectionId{localValue:1, serverValue:1588}] to localhost:8900
6098 [cluster-ClusterId{value='5777ce8cec1bc623415a2bd4', description='null'}-localhost:8900] INFO  org.mongodb.driver.cluster - Monitor thread successfully connected to server with description ServerDescription{address=localhost:8900, type=REPLICA_SET_PRIMARY, state=CONNECTED, ok=true, version=ServerVersion{versionList=[3, 0, 0]}, minWireVersion=0, maxWireVersion=3, maxDocumentSize=16777216, roundTripTimeNanos=1784316, setName='myDevReplSet', canonicalAddress=localhost:8900, hosts=[localhost:8901, localhost:8900], passives=[], arbiters=[localhost:8902], primary='localhost:8900', tagSet=TagSet{[]}, electionId=57777121192dacaf3583c059, setVersion=1}
6099 [cluster-ClusterId{value='5777ce8cec1bc623415a2bd4', description='null'}-localhost:8900] INFO  org.mongodb.driver.cluster - Setting max election id to 57777121192dacaf3583c059 from replica set primary localhost:8900
6099 [cluster-ClusterId{value='5777ce8cec1bc623415a2bd4', description='null'}-localhost:8900] INFO  org.mongodb.driver.cluster - Setting max set version to 1 from replica set primary localhost:8900
6099 [cluster-ClusterId{value='5777ce8cec1bc623415a2bd4', description='null'}-localhost:8900] INFO  org.mongodb.driver.cluster - Discovered replica set primary localhost:8900
6126 [main] INFO   - [2016-07-02 22:24:12 0490|GroovyRuntime] Reload groovy scripts, current version is 1
6149 [main] INFO  o.s.web.context.ContextLoader - Root WebApplicationContext: initialization completed in 4294 ms
6258 [main] INFO  o.e.j.server.handler.ContextHandler - Started o.e.j.w.WebAppContext@1e6d1014{/,file:///Users/aplombchen/Dev/github/scriptcore/Samples/MongoDBConnectorSample/war/,AVAILABLE}{./war}
6469 [main] INFO  o.e.jetty.server.AbstractConnector - Started ServerConnector@5c6b86e4{HTTP/1.1,[http/1.1]}{0.0.0.0:6061}
6471 [main] INFO  org.eclipse.jetty.server.Server - Started @7078ms
6473 [main] INFO   - [2016-07-02 22:24:12 0838|ServerStart] handler--org.eclipse.jetty.server.handler.ContextHandlerCollection@4196c360[o.e.j.s.h.ContextHandler@4f063c0a{/res,null,AVAILABLE}, o.e.j.w.WebAppContext@1e6d1014{/,file:///Users/aplombchen/Dev/github/scriptcore/Samples/MongoDBConnectorSample/war/,AVAILABLE}{./war}]
6473 [main] INFO   - [2016-07-02 22:24:12 0838|ServerStart] connector--[ServerConnector@5c6b86e4{HTTP/1.1,[http/1.1]}{0.0.0.0:6061}]
6476 [main] INFO   - [2016-07-02 22:24:12 0841|ServerStart] threadPool--qtp1776957250{STARTED,8<=8<=1024,i=6,q=0}, minithread-number:8
6476 [main] INFO   - [2016-07-02 22:24:12 0841|ServerStart] Server started , current Time: Sat Jul 02 22:24:12 CST 2016
30147 [Thread-0] INFO  o.e.jetty.server.AbstractConnector - Stopped ServerConnector@5c6b86e4{HTTP/1.1,[http/1.1]}{0.0.0.0:6061}
30166 [Thread-0] INFO  / - Closing Spring root WebApplicationContext
30166 [Thread-0] INFO  o.s.w.c.s.XmlWebApplicationContext - Closing Root WebApplicationContext: startup date [Sat Jul 02 22:24:08 CST 2016]; root of context hierarchy
30172 [Thread-0] INFO  o.e.j.server.handler.ContextHandler - Stopped o.e.j.w.WebAppContext@1e6d1014{/,null,UNAVAILABLE}{./war}
30172 [Thread-0] INFO  o.e.j.server.handler.ContextHandler - Stopped o.e.j.s.h.ContextHandler@4f063c0a{/res,null,UNAVAILABLE}
